<?xml version="1.0" encoding="UTF-8"?>
<!-- Generated by org.testng.reporters.JUnitReportReporter -->
<testsuite hostname="LAPTOP-LUS4N0CT" name="org.testng.TestngTaskTV" tests="2" failures="0" timestamp="15 Jul 2022 11:23:59 GMT" time="0.027" errors="0">
  <testcase name="login" time="0.019" classname="org.testng.TestngTaskTV"/>
  <testcase name="tv" time="0.008" classname="org.testng.TestngTaskTV"/>
</testsuite> <!-- org.testng.TestngTaskTV -->
