<?xml version="1.0" encoding="UTF-8"?>
<!-- Generated by org.testng.reporters.JUnitReportReporter -->
<testsuite hostname="LAPTOP-LUS4N0CT" name="org.testng.TestngTask" tests="6" failures="0" timestamp="15 Jul 2022 12:56:20 GMT" time="6.467" errors="0">
  <testcase name="screenshot" time="0.006" classname="org.testng.TestngTask"/>
  <testcase name="screenshot" time="0.003" classname="org.testng.TestngTask"/>
  <testcase name="login" time="2.139" classname="org.testng.TestngTask"/>
  <testcase name="mobiles" time="2.167" classname="org.testng.TestngTask"/>
  <testcase name="search" time="2.150" classname="org.testng.TestngTask"/>
  <testcase name="screenshot" time="0.002" classname="org.testng.TestngTask"/>
</testsuite> <!-- org.testng.TestngTask -->
